android/app/build/intermediates/manifest_merge_blame_file/release/manifest-merger-blame-release-report.txt
1<?xml version="1.0" encoding="utf-8"?>
2<manifest xmlns:android="http://schemas.android.com/apk/res/android"
3    package="com.knobee"
4    android:versionCode="1"
5    android:versionName="1.0" >
6
7    <uses-sdk
8        android:minSdkVersion="21"
9        android:targetSdkVersion="34" />
10
11    <uses-permission android:name="android.permission.INTERNET" />
11-->src\main\AndroidManifest.xml:3:1-63
11-->src\main\AndroidManifest.xml:3:18-60
12    <uses-permission android:name="android.permission.READ_EXTERNAL_STORAGE" />
12-->src\main\AndroidManifest.xml:4:1-76
12-->src\main\AndroidManifest.xml:4:18-73
13    <uses-permission android:name="android.permission.WRITE_EXTERNAL_STORAGE" />
13-->src\main\AndroidManifest.xml:5:1-77
13-->src\main\AndroidManifest.xml:5:18-74
14    <uses-permission android:name="android.permission.CAMERA" />
14-->src\main\AndroidManifest.xml:6:1-61
14-->src\main\AndroidManifest.xml:6:18-58
15
16    <uses-feature
16-->src\main\AndroidManifest.xml:7:1-81
17        android:name="android.hardware.camera"
17-->src\main\AndroidManifest.xml:7:15-53
18        android:required="false" />
18-->src\main\AndroidManifest.xml:7:54-78
19    <uses-feature
19-->src\main\AndroidManifest.xml:8:1-87
20        android:name="android.hardware.camera.front"
20-->src\main\AndroidManifest.xml:8:15-59
21        android:required="false" />
21-->src\main\AndroidManifest.xml:8:60-84
22
23    <uses-permission android:name="android.permission.ACCESS_NETWORK_STATE" />
23-->[:react-native-community_netinfo] AndroidManifest.xml:7:5-79
23-->[:react-native-community_netinfo] AndroidManifest.xml:7:22-76
24    <uses-permission android:name="android.permission.ACCESS_WIFI_STATE" />
24-->[:react-native-community_netinfo] AndroidManifest.xml:8:5-76
24-->[:react-native-community_netinfo] AndroidManifest.xml:8:22-73
25    <uses-permission android:name="android.permission.WAKE_LOCK" /> <!-- dooboolab -->
25-->[:react-native-firebase_auth] AndroidManifest.xml:8:5-68
25-->[:react-native-firebase_auth] AndroidManifest.xml:8:22-65
26    <uses-permission android:name="android.permission.RECORD_AUDIO" />
26-->[:react-native-audio-recorder-player] AndroidManifest.xml:7:5-71
26-->[:react-native-audio-recorder-player] AndroidManifest.xml:7:22-68
27    <uses-permission android:name="android.permission.USE_BIOMETRIC" />
27-->[:react-native-biometrics] AndroidManifest.xml:7:5-72
27-->[:react-native-biometrics] AndroidManifest.xml:7:22-69
28    <uses-permission android:name="android.permission.USE_FINGERPRINT" />
28-->[:react-native-biometrics] AndroidManifest.xml:8:5-74
28-->[:react-native-biometrics] AndroidManifest.xml:8:22-71
29    <uses-permission android:name="android.permission.ACCESS_COARSE_LOCATION" />
29-->[:react-native-get-location] AndroidManifest.xml:7:5-81
29-->[:react-native-get-location] AndroidManifest.xml:7:22-78
30
31    <queries>
31-->[:react-native-image-crop-picker] AndroidManifest.xml:7:5-11:15
32        <intent>
32-->[:react-native-image-crop-picker] AndroidManifest.xml:8:9-10:18
33            <action android:name="android.media.action.IMAGE_CAPTURE" />
33-->[:react-native-image-crop-picker] AndroidManifest.xml:9:13-73
33-->[:react-native-image-crop-picker] AndroidManifest.xml:9:21-70
34        </intent>
35    </queries>
36
37    <uses-permission android:name="com.google.android.gms.permission.AD_ID" />
37-->[com.google.android.gms:play-services-measurement-api:21.6.2] AndroidManifest.xml:25:5-79
37-->[com.google.android.gms:play-services-measurement-api:21.6.2] AndroidManifest.xml:25:22-76
38    <uses-permission android:name="android.permission.ACCESS_ADSERVICES_ATTRIBUTION" />
38-->[com.google.android.gms:play-services-measurement-api:21.6.2] AndroidManifest.xml:26:5-88
38-->[com.google.android.gms:play-services-measurement-api:21.6.2] AndroidManifest.xml:26:22-85
39    <uses-permission android:name="android.permission.ACCESS_ADSERVICES_AD_ID" /> <!-- Required by older versions of Google Play services to create IID tokens -->
39-->[com.google.android.gms:play-services-measurement-api:21.6.2] AndroidManifest.xml:27:5-82
39-->[com.google.android.gms:play-services-measurement-api:21.6.2] AndroidManifest.xml:27:22-79
40    <uses-permission android:name="com.google.android.c2dm.permission.RECEIVE" />
40-->[com.google.android.gms:play-services-iid:17.0.0] AndroidManifest.xml:23:5-82
40-->[com.google.android.gms:play-services-iid:17.0.0] AndroidManifest.xml:23:22-79
41    <uses-permission android:name="com.google.android.finsky.permission.BIND_GET_INSTALL_REFERRER_SERVICE" />
41-->[com.google.android.gms:play-services-measurement:21.6.2] AndroidManifest.xml:26:5-110
41-->[com.google.android.gms:play-services-measurement:21.6.2] AndroidManifest.xml:26:22-107
42    <uses-permission android:name="com.google.android.providers.gsf.permission.READ_GSERVICES" />
42-->[com.google.android.recaptcha:recaptcha:18.4.0] AndroidManifest.xml:9:5-98
42-->[com.google.android.recaptcha:recaptcha:18.4.0] AndroidManifest.xml:9:22-95
43
44    <permission
44-->[androidx.core:core:1.9.0] AndroidManifest.xml:22:5-24:47
45        android:name="com.knobee.DYNAMIC_RECEIVER_NOT_EXPORTED_PERMISSION"
45-->[androidx.core:core:1.9.0] AndroidManifest.xml:23:9-81
46        android:protectionLevel="signature" />
46-->[androidx.core:core:1.9.0] AndroidManifest.xml:24:9-44
47
48    <uses-permission android:name="com.knobee.DYNAMIC_RECEIVER_NOT_EXPORTED_PERMISSION" />
48-->[androidx.core:core:1.9.0] AndroidManifest.xml:26:5-97
48-->[androidx.core:core:1.9.0] AndroidManifest.xml:26:22-94
49
50    <application
50-->src\main\AndroidManifest.xml:10:5-30:19
51        android:name="com.knobee.MainApplication"
51-->src\main\AndroidManifest.xml:11:7-38
52        android:allowBackup="false"
52-->src\main\AndroidManifest.xml:15:7-34
53        android:appComponentFactory="androidx.core.app.CoreComponentFactory"
53-->[androidx.core:core:1.9.0] AndroidManifest.xml:28:18-86
54        android:extractNativeLibs="true"
55        android:icon="@mipmap/ic_launcher"
55-->src\main\AndroidManifest.xml:13:7-41
56        android:label="@string/app_name"
56-->src\main\AndroidManifest.xml:12:7-39
57        android:roundIcon="@mipmap/ic_launcher_round"
57-->src\main\AndroidManifest.xml:14:7-52
58        android:theme="@style/AppTheme"
58-->src\main\AndroidManifest.xml:17:7-38
59        android:usesCleartextTraffic="true" >
59-->src\main\AndroidManifest.xml:16:7-42
60        <activity
60-->src\main\AndroidManifest.xml:18:7-29:18
61            android:name="com.knobee.MainActivity"
61-->src\main\AndroidManifest.xml:19:9-37
62            android:configChanges="keyboard|keyboardHidden|orientation|screenLayout|screenSize|smallestScreenSize|uiMode"
62-->src\main\AndroidManifest.xml:21:9-118
63            android:exported="true"
63-->src\main\AndroidManifest.xml:24:9-32
64            android:label="@string/app_name"
64-->src\main\AndroidManifest.xml:20:9-41
65            android:launchMode="singleTask"
65-->src\main\AndroidManifest.xml:22:9-40
66            android:windowSoftInputMode="adjustResize" >
66-->src\main\AndroidManifest.xml:23:9-51
67            <intent-filter>
67-->src\main\AndroidManifest.xml:25:9-28:25
68                <action android:name="android.intent.action.MAIN" />
68-->src\main\AndroidManifest.xml:26:13-65
68-->src\main\AndroidManifest.xml:26:21-62
69
70                <category android:name="android.intent.category.LAUNCHER" />
70-->src\main\AndroidManifest.xml:27:13-73
70-->src\main\AndroidManifest.xml:27:23-70
71            </intent-filter>
72        </activity>
73
74        <meta-data
74-->[:react-native-firebase_app] AndroidManifest.xml:9:9-11:36
75            android:name="app_data_collection_default_enabled"
75-->[:react-native-firebase_app] AndroidManifest.xml:10:13-63
76            android:value="true" />
76-->[:react-native-firebase_app] AndroidManifest.xml:11:13-33
77
78        <service
78-->[:react-native-firebase_app] AndroidManifest.xml:13:9-21:19
79            android:name="com.google.firebase.components.ComponentDiscoveryService"
79-->[:react-native-firebase_app] AndroidManifest.xml:14:13-84
80            android:directBootAware="true"
80-->[:react-native-firebase_app] AndroidManifest.xml:15:13-43
81            android:exported="false" >
81-->[:react-native-firebase_app] AndroidManifest.xml:16:13-37
82            <meta-data
82-->[:react-native-firebase_app] AndroidManifest.xml:18:13-20:85
83                android:name="com.google.firebase.components:io.invertase.firebase.app.ReactNativeFirebaseAppRegistrar"
83-->[:react-native-firebase_app] AndroidManifest.xml:19:17-120
84                android:value="com.google.firebase.components.ComponentRegistrar" />
84-->[:react-native-firebase_app] AndroidManifest.xml:20:17-82
85            <meta-data
85-->[com.google.firebase:firebase-auth:22.3.1] AndroidManifest.xml:69:13-71:85
86                android:name="com.google.firebase.components:com.google.firebase.auth.FirebaseAuthRegistrar"
86-->[com.google.firebase:firebase-auth:22.3.1] AndroidManifest.xml:70:17-109
87                android:value="com.google.firebase.components.ComponentRegistrar" />
87-->[com.google.firebase:firebase-auth:22.3.1] AndroidManifest.xml:71:17-82
88            <meta-data
88-->[com.google.android.gms:play-services-measurement-api:21.6.2] AndroidManifest.xml:37:13-39:85
89                android:name="com.google.firebase.components:com.google.firebase.analytics.connector.internal.AnalyticsConnectorRegistrar"
89-->[com.google.android.gms:play-services-measurement-api:21.6.2] AndroidManifest.xml:38:17-139
90                android:value="com.google.firebase.components.ComponentRegistrar" />
90-->[com.google.android.gms:play-services-measurement-api:21.6.2] AndroidManifest.xml:39:17-82
91            <meta-data
91-->[com.google.firebase:firebase-installations:17.2.0] AndroidManifest.xml:15:13-17:85
92                android:name="com.google.firebase.components:com.google.firebase.installations.FirebaseInstallationsKtxRegistrar"
92-->[com.google.firebase:firebase-installations:17.2.0] AndroidManifest.xml:16:17-130
93                android:value="com.google.firebase.components.ComponentRegistrar" />
93-->[com.google.firebase:firebase-installations:17.2.0] AndroidManifest.xml:17:17-82
94            <meta-data
94-->[com.google.firebase:firebase-installations:17.2.0] AndroidManifest.xml:18:13-20:85
95                android:name="com.google.firebase.components:com.google.firebase.installations.FirebaseInstallationsRegistrar"
95-->[com.google.firebase:firebase-installations:17.2.0] AndroidManifest.xml:19:17-127
96                android:value="com.google.firebase.components.ComponentRegistrar" />
96-->[com.google.firebase:firebase-installations:17.2.0] AndroidManifest.xml:20:17-82
97            <meta-data
97-->[com.google.firebase:firebase-common-ktx:20.4.3] AndroidManifest.xml:12:13-14:85
98                android:name="com.google.firebase.components:com.google.firebase.ktx.FirebaseCommonLegacyRegistrar"
98-->[com.google.firebase:firebase-common-ktx:20.4.3] AndroidManifest.xml:13:17-116
99                android:value="com.google.firebase.components.ComponentRegistrar" />
99-->[com.google.firebase:firebase-common-ktx:20.4.3] AndroidManifest.xml:14:17-82
100            <meta-data
100-->[com.google.firebase:firebase-common:20.4.3] AndroidManifest.xml:35:13-37:85
101                android:name="com.google.firebase.components:com.google.firebase.FirebaseCommonKtxRegistrar"
101-->[com.google.firebase:firebase-common:20.4.3] AndroidManifest.xml:36:17-109
102                android:value="com.google.firebase.components.ComponentRegistrar" />
102-->[com.google.firebase:firebase-common:20.4.3] AndroidManifest.xml:37:17-82
103        </service>
104
105        <provider
105-->[:react-native-firebase_app] AndroidManifest.xml:23:9-27:38
106            android:name="io.invertase.firebase.app.ReactNativeFirebaseAppInitProvider"
106-->[:react-native-firebase_app] AndroidManifest.xml:24:13-88
107            android:authorities="com.knobee.reactnativefirebaseappinitprovider"
107-->[:react-native-firebase_app] AndroidManifest.xml:25:13-86
108            android:exported="false"
108-->[:react-native-firebase_app] AndroidManifest.xml:26:13-37
109            android:initOrder="99" />
109-->[:react-native-firebase_app] AndroidManifest.xml:27:13-35
110        <provider
110-->[:react-native-image-crop-picker] AndroidManifest.xml:16:9-24:20
111            android:name="com.reactnative.ivpusic.imagepicker.IvpusicImagePickerFileProvider"
111-->[:react-native-image-crop-picker] AndroidManifest.xml:17:13-94
112            android:authorities="com.knobee.provider"
112-->[:react-native-image-crop-picker] AndroidManifest.xml:18:13-60
113            android:exported="false"
113-->[:react-native-image-crop-picker] AndroidManifest.xml:19:13-37
114            android:grantUriPermissions="true" >
114-->[:react-native-image-crop-picker] AndroidManifest.xml:20:13-47
115            <meta-data
115-->[:react-native-image-crop-picker] AndroidManifest.xml:21:13-23:78
116                android:name="android.support.FILE_PROVIDER_PATHS"
116-->[:react-native-image-crop-picker] AndroidManifest.xml:22:17-67
117                android:resource="@xml/ivpusic_imagepicker_provider_paths" />
117-->[:react-native-image-crop-picker] AndroidManifest.xml:23:17-75
118        </provider>
119
120        <activity
120-->[:react-native-image-crop-picker] AndroidManifest.xml:26:9-28:72
121            android:name="com.yalantis.ucrop.UCropActivity"
121-->[:react-native-image-crop-picker] AndroidManifest.xml:27:13-60
122            android:theme="@style/Theme.AppCompat.Light.NoActionBar" />
122-->[:react-native-image-crop-picker] AndroidManifest.xml:28:13-69
123
124        <provider
124-->[:react-native-image-picker] AndroidManifest.xml:8:9-16:20
125            android:name="com.imagepicker.ImagePickerProvider"
125-->[:react-native-image-picker] AndroidManifest.xml:9:13-63
126            android:authorities="com.knobee.imagepickerprovider"
126-->[:react-native-image-picker] AndroidManifest.xml:10:13-71
127            android:exported="false"
127-->[:react-native-image-picker] AndroidManifest.xml:11:13-37
128            android:grantUriPermissions="true" >
128-->[:react-native-image-picker] AndroidManifest.xml:12:13-47
129            <meta-data
129-->[:react-native-image-crop-picker] AndroidManifest.xml:21:13-23:78
130                android:name="android.support.FILE_PROVIDER_PATHS"
130-->[:react-native-image-crop-picker] AndroidManifest.xml:22:17-67
131                android:resource="@xml/imagepicker_provider_paths" />
131-->[:react-native-image-crop-picker] AndroidManifest.xml:23:17-75
132        </provider>
133        <provider
133-->[:react-native-share] AndroidManifest.xml:8:9-16:20
134            android:name="cl.json.RNShareFileProvider"
134-->[:react-native-share] AndroidManifest.xml:9:13-55
135            android:authorities="com.knobee.rnshare.fileprovider"
135-->[:react-native-share] AndroidManifest.xml:10:13-72
136            android:exported="false"
136-->[:react-native-share] AndroidManifest.xml:11:13-37
137            android:grantUriPermissions="true" >
137-->[:react-native-share] AndroidManifest.xml:12:13-47
138            <meta-data
138-->[:react-native-image-crop-picker] AndroidManifest.xml:21:13-23:78
139                android:name="android.support.FILE_PROVIDER_PATHS"
139-->[:react-native-image-crop-picker] AndroidManifest.xml:22:17-67
140                android:resource="@xml/share_download_paths" />
140-->[:react-native-image-crop-picker] AndroidManifest.xml:23:17-75
141        </provider>
142
143        <activity
143-->[com.google.firebase:firebase-auth:22.3.1] AndroidManifest.xml:29:9-46:20
144            android:name="com.google.firebase.auth.internal.GenericIdpActivity"
144-->[com.google.firebase:firebase-auth:22.3.1] AndroidManifest.xml:30:13-80
145            android:excludeFromRecents="true"
145-->[com.google.firebase:firebase-auth:22.3.1] AndroidManifest.xml:31:13-46
146            android:exported="true"
146-->[com.google.firebase:firebase-auth:22.3.1] AndroidManifest.xml:32:13-36
147            android:launchMode="singleTask"
147-->[com.google.firebase:firebase-auth:22.3.1] AndroidManifest.xml:33:13-44
148            android:theme="@android:style/Theme.Translucent.NoTitleBar" >
148-->[com.google.firebase:firebase-auth:22.3.1] AndroidManifest.xml:34:13-72
149            <intent-filter>
149-->[com.google.firebase:firebase-auth:22.3.1] AndroidManifest.xml:35:13-45:29
150                <action android:name="android.intent.action.VIEW" />
150-->[com.google.firebase:firebase-auth:22.3.1] AndroidManifest.xml:36:17-69
150-->[com.google.firebase:firebase-auth:22.3.1] AndroidManifest.xml:36:25-66
151
152                <category android:name="android.intent.category.DEFAULT" />
152-->[com.google.firebase:firebase-auth:22.3.1] AndroidManifest.xml:38:17-76
152-->[com.google.firebase:firebase-auth:22.3.1] AndroidManifest.xml:38:27-73
153                <category android:name="android.intent.category.BROWSABLE" />
153-->[com.google.firebase:firebase-auth:22.3.1] AndroidManifest.xml:39:17-78
153-->[com.google.firebase:firebase-auth:22.3.1] AndroidManifest.xml:39:27-75
154
155                <data
155-->[com.google.firebase:firebase-auth:22.3.1] AndroidManifest.xml:41:17-44:51
156                    android:host="firebase.auth"
156-->[com.google.firebase:firebase-auth:22.3.1] AndroidManifest.xml:42:21-49
157                    android:path="/"
157-->[com.google.firebase:firebase-auth:22.3.1] AndroidManifest.xml:43:21-37
158                    android:scheme="genericidp" />
158-->[com.google.firebase:firebase-auth:22.3.1] AndroidManifest.xml:44:21-48
159            </intent-filter>
160        </activity>
161        <activity
161-->[com.google.firebase:firebase-auth:22.3.1] AndroidManifest.xml:47:9-64:20
162            android:name="com.google.firebase.auth.internal.RecaptchaActivity"
162-->[com.google.firebase:firebase-auth:22.3.1] AndroidManifest.xml:48:13-79
163            android:excludeFromRecents="true"
163-->[com.google.firebase:firebase-auth:22.3.1] AndroidManifest.xml:49:13-46
164            android:exported="true"
164-->[com.google.firebase:firebase-auth:22.3.1] AndroidManifest.xml:50:13-36
165            android:launchMode="singleTask"
165-->[com.google.firebase:firebase-auth:22.3.1] AndroidManifest.xml:51:13-44
166            android:theme="@android:style/Theme.Translucent.NoTitleBar" >
166-->[com.google.firebase:firebase-auth:22.3.1] AndroidManifest.xml:52:13-72
167            <intent-filter>
167-->[com.google.firebase:firebase-auth:22.3.1] AndroidManifest.xml:53:13-63:29
168                <action android:name="android.intent.action.VIEW" />
168-->[com.google.firebase:firebase-auth:22.3.1] AndroidManifest.xml:36:17-69
168-->[com.google.firebase:firebase-auth:22.3.1] AndroidManifest.xml:36:25-66
169
170                <category android:name="android.intent.category.DEFAULT" />
170-->[com.google.firebase:firebase-auth:22.3.1] AndroidManifest.xml:38:17-76
170-->[com.google.firebase:firebase-auth:22.3.1] AndroidManifest.xml:38:27-73
171                <category android:name="android.intent.category.BROWSABLE" />
171-->[com.google.firebase:firebase-auth:22.3.1] AndroidManifest.xml:39:17-78
171-->[com.google.firebase:firebase-auth:22.3.1] AndroidManifest.xml:39:27-75
172
173                <data
173-->[com.google.firebase:firebase-auth:22.3.1] AndroidManifest.xml:41:17-44:51
174                    android:host="firebase.auth"
174-->[com.google.firebase:firebase-auth:22.3.1] AndroidManifest.xml:42:21-49
175                    android:path="/"
175-->[com.google.firebase:firebase-auth:22.3.1] AndroidManifest.xml:43:21-37
176                    android:scheme="recaptcha" />
176-->[com.google.firebase:firebase-auth:22.3.1] AndroidManifest.xml:44:21-48
177            </intent-filter>
178        </activity>
179
180        <property
180-->[com.google.android.gms:play-services-measurement-api:21.6.2] AndroidManifest.xml:30:9-32:61
181            android:name="android.adservices.AD_SERVICES_CONFIG"
181-->[com.google.android.gms:play-services-measurement-api:21.6.2] AndroidManifest.xml:31:13-65
182            android:resource="@xml/ga_ad_services_config" />
182-->[com.google.android.gms:play-services-measurement-api:21.6.2] AndroidManifest.xml:32:13-58
183
184        <activity
184-->[com.google.android.gms:play-services-auth:21.0.0] AndroidManifest.xml:23:9-27:75
185            android:name="com.google.android.gms.auth.api.signin.internal.SignInHubActivity"
185-->[com.google.android.gms:play-services-auth:21.0.0] AndroidManifest.xml:24:13-93
186            android:excludeFromRecents="true"
186-->[com.google.android.gms:play-services-auth:21.0.0] AndroidManifest.xml:25:13-46
187            android:exported="false"
187-->[com.google.android.gms:play-services-auth:21.0.0] AndroidManifest.xml:26:13-37
188            android:theme="@android:style/Theme.Translucent.NoTitleBar" />
188-->[com.google.android.gms:play-services-auth:21.0.0] AndroidManifest.xml:27:13-72
189        <!--
190            Service handling Google Sign-In user revocation. For apps that do not integrate with
191            Google Sign-In, this service will never be started.
192        -->
193        <service
193-->[com.google.android.gms:play-services-auth:21.0.0] AndroidManifest.xml:33:9-37:51
194            android:name="com.google.android.gms.auth.api.signin.RevocationBoundService"
194-->[com.google.android.gms:play-services-auth:21.0.0] AndroidManifest.xml:34:13-89
195            android:exported="true"
195-->[com.google.android.gms:play-services-auth:21.0.0] AndroidManifest.xml:35:13-36
196            android:permission="com.google.android.gms.auth.api.signin.permission.REVOCATION_NOTIFICATION"
196-->[com.google.android.gms:play-services-auth:21.0.0] AndroidManifest.xml:36:13-107
197            android:visibleToInstantApps="true" />
197-->[com.google.android.gms:play-services-auth:21.0.0] AndroidManifest.xml:37:13-48
198
199        <activity
199-->[com.google.android.gms:play-services-base:18.0.1] AndroidManifest.xml:20:9-22:45
200            android:name="com.google.android.gms.common.api.GoogleApiActivity"
200-->[com.google.android.gms:play-services-base:18.0.1] AndroidManifest.xml:20:19-85
201            android:exported="false"
201-->[com.google.android.gms:play-services-base:18.0.1] AndroidManifest.xml:22:19-43
202            android:theme="@android:style/Theme.Translucent.NoTitleBar" />
202-->[com.google.android.gms:play-services-base:18.0.1] AndroidManifest.xml:21:19-78
203
204        <provider
204-->[com.google.firebase:firebase-common:20.4.3] AndroidManifest.xml:23:9-28:39
205            android:name="com.google.firebase.provider.FirebaseInitProvider"
205-->[com.google.firebase:firebase-common:20.4.3] AndroidManifest.xml:24:13-77
206            android:authorities="com.knobee.firebaseinitprovider"
206-->[com.google.firebase:firebase-common:20.4.3] AndroidManifest.xml:25:13-72
207            android:directBootAware="true"
207-->[com.google.firebase:firebase-common:20.4.3] AndroidManifest.xml:26:13-43
208            android:exported="false"
208-->[com.google.firebase:firebase-common:20.4.3] AndroidManifest.xml:27:13-37
209            android:initOrder="100" />
209-->[com.google.firebase:firebase-common:20.4.3] AndroidManifest.xml:28:13-36
210
211        <receiver
211-->[com.google.android.gms:play-services-measurement:21.6.2] AndroidManifest.xml:29:9-33:20
212            android:name="com.google.android.gms.measurement.AppMeasurementReceiver"
212-->[com.google.android.gms:play-services-measurement:21.6.2] AndroidManifest.xml:30:13-85
213            android:enabled="true"
213-->[com.google.android.gms:play-services-measurement:21.6.2] AndroidManifest.xml:31:13-35
214            android:exported="false" >
214-->[com.google.android.gms:play-services-measurement:21.6.2] AndroidManifest.xml:32:13-37
215        </receiver>
216
217        <service
217-->[com.google.android.gms:play-services-measurement:21.6.2] AndroidManifest.xml:35:9-38:40
218            android:name="com.google.android.gms.measurement.AppMeasurementService"
218-->[com.google.android.gms:play-services-measurement:21.6.2] AndroidManifest.xml:36:13-84
219            android:enabled="true"
219-->[com.google.android.gms:play-services-measurement:21.6.2] AndroidManifest.xml:37:13-35
220            android:exported="false" />
220-->[com.google.android.gms:play-services-measurement:21.6.2] AndroidManifest.xml:38:13-37
221        <service
221-->[com.google.android.gms:play-services-measurement:21.6.2] AndroidManifest.xml:39:9-43:72
222            android:name="com.google.android.gms.measurement.AppMeasurementJobService"
222-->[com.google.android.gms:play-services-measurement:21.6.2] AndroidManifest.xml:40:13-87
223            android:enabled="true"
223-->[com.google.android.gms:play-services-measurement:21.6.2] AndroidManifest.xml:41:13-35
224            android:exported="false"
224-->[com.google.android.gms:play-services-measurement:21.6.2] AndroidManifest.xml:42:13-37
225            android:permission="android.permission.BIND_JOB_SERVICE" />
225-->[com.google.android.gms:play-services-measurement:21.6.2] AndroidManifest.xml:43:13-69
226
227        <uses-library
227-->[androidx.privacysandbox.ads:ads-adservices:1.0.0-beta05] AndroidManifest.xml:23:9-25:40
228            android:name="android.ext.adservices"
228-->[androidx.privacysandbox.ads:ads-adservices:1.0.0-beta05] AndroidManifest.xml:24:13-50
229            android:required="false" />
229-->[androidx.privacysandbox.ads:ads-adservices:1.0.0-beta05] AndroidManifest.xml:25:13-37
230
231        <meta-data
231-->[com.google.android.gms:play-services-basement:18.3.0] AndroidManifest.xml:21:9-23:69
232            android:name="com.google.android.gms.version"
232-->[com.google.android.gms:play-services-basement:18.3.0] AndroidManifest.xml:22:13-58
233            android:value="@integer/google_play_services_version" />
233-->[com.google.android.gms:play-services-basement:18.3.0] AndroidManifest.xml:23:13-66
234
235        <provider
235-->[androidx.emoji2:emoji2:1.2.0] AndroidManifest.xml:24:9-32:20
236            android:name="androidx.startup.InitializationProvider"
236-->[androidx.emoji2:emoji2:1.2.0] AndroidManifest.xml:25:13-67
237            android:authorities="com.knobee.androidx-startup"
237-->[androidx.emoji2:emoji2:1.2.0] AndroidManifest.xml:26:13-68
238            android:exported="false" >
238-->[androidx.emoji2:emoji2:1.2.0] AndroidManifest.xml:27:13-37
239            <meta-data
239-->[androidx.emoji2:emoji2:1.2.0] AndroidManifest.xml:29:13-31:52
240                android:name="androidx.emoji2.text.EmojiCompatInitializer"
240-->[androidx.emoji2:emoji2:1.2.0] AndroidManifest.xml:30:17-75
241                android:value="androidx.startup" />
241-->[androidx.emoji2:emoji2:1.2.0] AndroidManifest.xml:31:17-49
242            <meta-data
242-->[androidx.lifecycle:lifecycle-process:2.6.1] AndroidManifest.xml:29:13-31:52
243                android:name="androidx.lifecycle.ProcessLifecycleInitializer"
243-->[androidx.lifecycle:lifecycle-process:2.6.1] AndroidManifest.xml:30:17-78
244                android:value="androidx.startup" />
244-->[androidx.lifecycle:lifecycle-process:2.6.1] AndroidManifest.xml:31:17-49
245            <meta-data
245-->[androidx.profileinstaller:profileinstaller:1.3.0] AndroidManifest.xml:29:13-31:52
246                android:name="androidx.profileinstaller.ProfileInstallerInitializer"
246-->[androidx.profileinstaller:profileinstaller:1.3.0] AndroidManifest.xml:30:17-85
247                android:value="androidx.startup" />
247-->[androidx.profileinstaller:profileinstaller:1.3.0] AndroidManifest.xml:31:17-49
248        </provider>
249
250        <receiver
250-->[androidx.profileinstaller:profileinstaller:1.3.0] AndroidManifest.xml:34:9-52:20
251            android:name="androidx.profileinstaller.ProfileInstallReceiver"
251-->[androidx.profileinstaller:profileinstaller:1.3.0] AndroidManifest.xml:35:13-76
252            android:directBootAware="false"
252-->[androidx.profileinstaller:profileinstaller:1.3.0] AndroidManifest.xml:36:13-44
253            android:enabled="true"
253-->[androidx.profileinstaller:profileinstaller:1.3.0] AndroidManifest.xml:37:13-35
254            android:exported="true"
254-->[androidx.profileinstaller:profileinstaller:1.3.0] AndroidManifest.xml:38:13-36
255            android:permission="android.permission.DUMP" >
255-->[androidx.profileinstaller:profileinstaller:1.3.0] AndroidManifest.xml:39:13-57
256            <intent-filter>
256-->[androidx.profileinstaller:profileinstaller:1.3.0] AndroidManifest.xml:40:13-42:29
257                <action android:name="androidx.profileinstaller.action.INSTALL_PROFILE" />
257-->[androidx.profileinstaller:profileinstaller:1.3.0] AndroidManifest.xml:41:17-91
257-->[androidx.profileinstaller:profileinstaller:1.3.0] AndroidManifest.xml:41:25-88
258            </intent-filter>
259            <intent-filter>
259-->[androidx.profileinstaller:profileinstaller:1.3.0] AndroidManifest.xml:43:13-45:29
260                <action android:name="androidx.profileinstaller.action.SKIP_FILE" />
260-->[androidx.profileinstaller:profileinstaller:1.3.0] AndroidManifest.xml:44:17-85
260-->[androidx.profileinstaller:profileinstaller:1.3.0] AndroidManifest.xml:44:25-82
261            </intent-filter>
262            <intent-filter>
262-->[androidx.profileinstaller:profileinstaller:1.3.0] AndroidManifest.xml:46:13-48:29
263                <action android:name="androidx.profileinstaller.action.SAVE_PROFILE" />
263-->[androidx.profileinstaller:profileinstaller:1.3.0] AndroidManifest.xml:47:17-88
263-->[androidx.profileinstaller:profileinstaller:1.3.0] AndroidManifest.xml:47:25-85
264            </intent-filter>
265            <intent-filter>
265-->[androidx.profileinstaller:profileinstaller:1.3.0] AndroidManifest.xml:49:13-51:29